# JRE version: OpenJDK Runtime Environment (8.0_242-b08) (build 1.8.0_242-b08)
# Java VM: OpenJDK 64-Bit Server VM (25.242-b08 mixed mode linux-amd64 compressed oops)
Heap:
 PSYoungGen      total 112128K, used 2887K [0x0000000743380000, 0x000000074b080000, 0x00000007c0000000)
  eden space 96256K, 3% used [0x0000000743380000,0x0000000743651f18,0x0000000749180000)
  from space 15872K, 0% used [0x000000074a100000,0x000000074a100000,0x000000074b080000)
  to   space 15872K, 0% used [0x0000000749180000,0x0000000749180000,0x000000074a100000)
 ParOldGen       total 257024K, used 1531K [0x0000000649a00000, 0x0000000659500000, 0x0000000743380000)
  object space 257024K, 0% used [0x0000000649a00000,0x0000000649b7ef30,0x0000000659500000)
 Metaspace       used 12333K, capacity 12556K, committed 12928K, reserved 1060864K
  class space    used 1267K, capacity 1356K, committed 1408K, reserved 1048576K
GC Heap History (10 events):
Event: 96001,012 GC heap before
{Heap before GC invocations=7040 (full 3520):
 PSYoungGen      total 112128K, used 160K [0x0000000743380000, 0x000000074b080000, 0x00000007c0000000)
  eden space 96256K, 0% used [0x0000000743380000,0x0000000743380000,0x0000000749180000)
  from space 15872K, 1% used [0x000000074a100000,0x000000074a128000,0x000000074b080000)
  to   space 15872K, 0% used [0x0000000749180000,0x0000000749180000,0x000000074a100000)
 ParOldGen       total 257024K, used 1532K [0x0000000649a00000, 0x0000000659500000, 0x0000000743380000)
  object space 257024K, 0% used [0x0000000649a00000,0x0000000649b7f360,0x0000000659500000)
 Metaspace       used 12333K, capacity 12556K, committed 12928K, reserved 1060864K
  class space    used 1267K, capacity 1356K, committed 1408K, reserved 1048576K
Event: 96001,019 GC heap after
Heap after GC invocations=7040 (full 3520):
 PSYoungGen      total 112128K, used 0K [0x0000000743380000, 0x000000074b080000, 0x00000007c0000000)
  eden space 96256K, 0% used [0x0000000743380000,0x0000000743380000,0x0000000749180000)
  from space 15872K, 0% used [0x000000074a100000,0x000000074a100000,0x000000074b080000)
  to   space 15872K, 0% used [0x0000000749180000,0x0000000749180000,0x000000074a100000)
 ParOldGen       total 257024K, used 1532K [0x0000000649a00000, 0x0000000659500000, 0x0000000743380000)
  object space 257024K, 0% used [0x0000000649a00000,0x0000000649b7f3d0,0x0000000659500000)
 Metaspace       used 12333K, capacity 12556K, committed 12928K, reserved 1060864K
  class space    used 1267K, capacity 1356K, committed 1408K, reserved 1048576K
}
Event: 96023,542 GC heap before
{Heap before GC invocations=7041 (full 3520):
 PSYoungGen      total 112128K, used 2887K [0x0000000743380000, 0x000000074b080000, 0x00000007c0000000)
  eden space 96256K, 3% used [0x0000000743380000,0x0000000743651f20,0x0000000749180000)
  from space 15872K, 0% used [0x000000074a100000,0x000000074a100000,0x000000074b080000)
  to   space 15872K, 0% used [0x0000000749180000,0x0000000749180000,0x000000074a100000)
 ParOldGen       total 257024K, used 1532K [0x0000000649a00000, 0x0000000659500000, 0x0000000743380000)
  object space 257024K, 0% used [0x0000000649a00000,0x0000000649b7f3d0,0x0000000659500000)
 Metaspace       used 12333K, capacity 12556K, committed 12928K, reserved 1060864K
  class space    used 1267K, capacity 1356K, committed 1408K, reserved 1048576K
Event: 96023,543 GC heap after
Heap after GC invocations=7041 (full 3520):
 PSYoungGen      total 112128K, used 64K [0x0000000743380000, 0x000000074b080000, 0x00000007c0000000)
  eden space 96256K, 0% used [0x0000000743380000,0x0000000743380000,0x0000000749180000)
  from space 15872K, 0% used [0x0000000749180000,0x0000000749190000,0x000000074a100000)
  to   space 15872K, 0% used [0x000000074a100000,0x000000074a100000,0x000000074b080000)
 ParOldGen       total 257024K, used 1532K [0x0000000649a00000, 0x0000000659500000, 0x0000000743380000)
  object space 257024K, 0% used [0x0000000649a00000,0x0000000649b7f3d0,0x0000000659500000)
 Metaspace       used 12333K, capacity 12556K, committed 12928K, reserved 1060864K
  class space    used 1267K, capacity 1356K, committed 1408K, reserved 1048576K
}
Event: 96023,543 GC heap before
{Heap before GC invocations=7042 (full 3521):
 PSYoungGen      total 112128K, used 64K [0x0000000743380000, 0x000000074b080000, 0x00000007c0000000)
  eden space 96256K, 0% used [0x0000000743380000,0x0000000743380000,0x0000000749180000)
  from space 15872K, 0% used [0x0000000749180000,0x0000000749190000,0x000000074a100000)
  to   space 15872K, 0% used [0x000000074a100000,0x000000074a100000,0x000000074b080000)
 ParOldGen       total 257024K, used 1532K [0x0000000649a00000, 0x0000000659500000, 0x0000000743380000)
  object space 257024K, 0% used [0x0000000649a00000,0x0000000649b7f3d0,0x0000000659500000)
 Metaspace       used 12333K, capacity 12556K, committed 12928K, reserved 1060864K
  class space    used 1267K, capacity 1356K, committed 1408K, reserved 1048576K
Event: 96023,566 GC heap after
Heap after GC invocations=7042 (full 3521):
 PSYoungGen      total 112128K, used 0K [0x0000000743380000, 0x000000074b080000, 0x00000007c0000000)
  eden space 96256K, 0% used [0x0000000743380000,0x0000000743380000,0x0000000749180000)
  from space 15872K, 0% used [0x0000000749180000,0x0000000749180000,0x000000074a100000)
  to   space 15872K, 0% used [0x000000074a100000,0x000000074a100000,0x000000074b080000)
 ParOldGen       total 257024K, used 1532K [0x0000000649a00000, 0x0000000659500000, 0x0000000743380000)
  object space 257024K, 0% used [0x0000000649a00000,0x0000000649b7f230,0x0000000659500000)
 Metaspace       used 12333K, capacity 12556K, committed 12928K, reserved 1060864K
  class space    used 1267K, capacity 1356K, committed 1408K, reserved 1048576K
}
Event: 96031,016 GC heap before
{Heap before GC invocations=7043 (full 3521):
 PSYoungGen      total 112128K, used 6738K [0x0000000743380000, 0x000000074b080000, 0x00000007c0000000)
  eden space 96256K, 7% used [0x0000000743380000,0x0000000743a148b8,0x0000000749180000)
  from space 15872K, 0% used [0x0000000749180000,0x0000000749180000,0x000000074a100000)
  to   space 15872K, 0% used [0x000000074a100000,0x000000074a100000,0x000000074b080000)
 ParOldGen       total 257024K, used 1532K [0x0000000649a00000, 0x0000000659500000, 0x0000000743380000)
  object space 257024K, 0% used [0x0000000649a00000,0x0000000649b7f230,0x0000000659500000)
 Metaspace       used 12333K, capacity 12556K, committed 12928K, reserved 1060864K
  class space    used 1267K, capacity 1356K, committed 1408K, reserved 1048576K
Event: 96031,017 GC heap after
Heap after GC invocations=7043 (full 3521):
 PSYoungGen      total 112128K, used 128K [0x0000000743380000, 0x000000074b080000, 0x00000007c0000000)
  eden space 96256K, 0% used [0x0000000743380000,0x0000000743380000,0x0000000749180000)
  from space 15872K, 0% used [0x000000074a100000,0x000000074a120000,0x000000074b080000)
  to   space 15872K, 0% used [0x0000000749180000,0x0000000749180000,0x000000074a100000)
 ParOldGen       total 257024K, used 1532K [0x0000000649a00000, 0x0000000659500000, 0x0000000743380000)
  object space 257024K, 0% used [0x0000000649a00000,0x0000000649b7f230,0x0000000659500000)
 Metaspace       used 12333K, capacity 12556K, committed 12928K, reserved 1060864K
  class space    used 1267K, capacity 1356K, committed 1408K, reserved 1048576K
}
Event: 96031,017 GC heap before
{Heap before GC invocations=7044 (full 3522):
 PSYoungGen      total 112128K, used 128K [0x0000000743380000, 0x000000074b080000, 0x00000007c0000000)
  eden space 96256K, 0% used [0x0000000743380000,0x0000000743380000,0x0000000749180000)
  from space 15872K, 0% used [0x000000074a100000,0x000000074a120000,0x000000074b080000)
  to   space 15872K, 0% used [0x0000000749180000,0x0000000749180000,0x000000074a100000)
 ParOldGen       total 257024K, used 1532K [0x0000000649a00000, 0x0000000659500000, 0x0000000743380000)
  object space 257024K, 0% used [0x0000000649a00000,0x0000000649b7f230,0x0000000659500000)
 Metaspace       used 12333K, capacity 12556K, committed 12928K, reserved 1060864K
  class space    used 1267K, capacity 1356K, committed 1408K, reserved 1048576K
Event: 96031,039 GC heap after
Heap after GC invocations=7044 (full 3522):
 PSYoungGen      total 112128K, used 0K [0x0000000743380000, 0x000000074b080000, 0x00000007c0000000)
  eden space 96256K, 0% used [0x0000000743380000,0x0000000743380000,0x0000000749180000)
  from space 15872K, 0% used [0x000000074a100000,0x000000074a100000,0x000000074b080000)
  to   space 15872K, 0% used [0x0000000749180000,0x0000000749180000,0x000000074a100000)
 ParOldGen       total 257024K, used 1531K [0x0000000649a00000, 0x0000000659500000, 0x0000000743380000)
  object space 257024K, 0% used [0x0000000649a00000,0x0000000649b7ef30,0x0000000659500000)
 Metaspace       used 12333K, capacity 12556K, committed 12928K, reserved 1060864K
  class space    used 1267K, capacity 1356K, committed 1408K, reserved 1048576K
}

