# JRE version: OpenJDK Runtime Environment (8.0_242-b08) (build 1.8.0_242-b08)
# Java VM: OpenJDK 64-Bit Server VM (25.242-b08 mixed mode linux-amd64 compressed oops)
Heap:
 PSYoungGen      total 112128K, used 6256K [0x0000000743380000, 0x000000074b080000, 0x00000007c0000000)
  eden space 96256K, 6% used [0x0000000743380000,0x000000074399c308,0x0000000749180000)
  from space 15872K, 0% used [0x000000074a100000,0x000000074a100000,0x000000074b080000)
  to   space 15872K, 0% used [0x0000000749180000,0x0000000749180000,0x000000074a100000)
 ParOldGen       total 257024K, used 1552K [0x0000000649a00000, 0x0000000659500000, 0x0000000743380000)
  object space 257024K, 0% used [0x0000000649a00000,0x0000000649b84248,0x0000000659500000)
 Metaspace       used 12396K, capacity 12588K, committed 12928K, reserved 1060864K
  class space    used 1261K, capacity 1324K, committed 1408K, reserved 1048576K
GC Heap History (10 events):
Event: 155944,313 GC heap before
{Heap before GC invocations=11436 (full 5718):
 PSYoungGen      total 112128K, used 64K [0x0000000743380000, 0x000000074b080000, 0x00000007c0000000)
  eden space 96256K, 0% used [0x0000000743380000,0x0000000743380000,0x0000000749180000)
  from space 15872K, 0% used [0x000000074a100000,0x000000074a110000,0x000000074b080000)
  to   space 15872K, 0% used [0x0000000749180000,0x0000000749180000,0x000000074a100000)
 ParOldGen       total 257024K, used 1535K [0x0000000649a00000, 0x0000000659500000, 0x0000000743380000)
  object space 257024K, 0% used [0x0000000649a00000,0x0000000649b7ffc8,0x0000000659500000)
 Metaspace       used 12396K, capacity 12588K, committed 12928K, reserved 1060864K
  class space    used 1261K, capacity 1324K, committed 1408K, reserved 1048576K
Event: 155944,332 GC heap after
Heap after GC invocations=11436 (full 5718):
 PSYoungGen      total 112128K, used 0K [0x0000000743380000, 0x000000074b080000, 0x00000007c0000000)
  eden space 96256K, 0% used [0x0000000743380000,0x0000000743380000,0x0000000749180000)
  from space 15872K, 0% used [0x000000074a100000,0x000000074a100000,0x000000074b080000)
  to   space 15872K, 0% used [0x0000000749180000,0x0000000749180000,0x000000074a100000)
 ParOldGen       total 257024K, used 1536K [0x0000000649a00000, 0x0000000659500000, 0x0000000743380000)
  object space 257024K, 0% used [0x0000000649a00000,0x0000000649b800a8,0x0000000659500000)
 Metaspace       used 12396K, capacity 12588K, committed 12928K, reserved 1060864K
  class space    used 1261K, capacity 1324K, committed 1408K, reserved 1048576K
}
Event: 155974,312 GC heap before
{Heap before GC invocations=11437 (full 5718):
 PSYoungGen      total 112128K, used 6256K [0x0000000743380000, 0x000000074b080000, 0x00000007c0000000)
  eden space 96256K, 6% used [0x0000000743380000,0x000000074399c310,0x0000000749180000)
  from space 15872K, 0% used [0x000000074a100000,0x000000074a100000,0x000000074b080000)
  to   space 15872K, 0% used [0x0000000749180000,0x0000000749180000,0x000000074a100000)
 ParOldGen       total 257024K, used 1536K [0x0000000649a00000, 0x0000000659500000, 0x0000000743380000)
  object space 257024K, 0% used [0x0000000649a00000,0x0000000649b800a8,0x0000000659500000)
 Metaspace       used 12396K, capacity 12588K, committed 12928K, reserved 1060864K
  class space    used 1261K, capacity 1324K, committed 1408K, reserved 1048576K
Event: 155974,313 GC heap after
Heap after GC invocations=11437 (full 5718):
 PSYoungGen      total 112128K, used 96K [0x0000000743380000, 0x000000074b080000, 0x00000007c0000000)
  eden space 96256K, 0% used [0x0000000743380000,0x0000000743380000,0x0000000749180000)
  from space 15872K, 0% used [0x0000000749180000,0x0000000749198000,0x000000074a100000)
  to   space 15872K, 0% used [0x000000074a100000,0x000000074a100000,0x000000074b080000)
 ParOldGen       total 257024K, used 1536K [0x0000000649a00000, 0x0000000659500000, 0x0000000743380000)
  object space 257024K, 0% used [0x0000000649a00000,0x0000000649b800a8,0x0000000659500000)
 Metaspace       used 12396K, capacity 12588K, committed 12928K, reserved 1060864K
  class space    used 1261K, capacity 1324K, committed 1408K, reserved 1048576K
}
Event: 155974,313 GC heap before
{Heap before GC invocations=11438 (full 5719):
 PSYoungGen      total 112128K, used 96K [0x0000000743380000, 0x000000074b080000, 0x00000007c0000000)
  eden space 96256K, 0% used [0x0000000743380000,0x0000000743380000,0x0000000749180000)
  from space 15872K, 0% used [0x0000000749180000,0x0000000749198000,0x000000074a100000)
  to   space 15872K, 0% used [0x000000074a100000,0x000000074a100000,0x000000074b080000)
 ParOldGen       total 257024K, used 1536K [0x0000000649a00000, 0x0000000659500000, 0x0000000743380000)
  object space 257024K, 0% used [0x0000000649a00000,0x0000000649b800a8,0x0000000659500000)
 Metaspace       used 12396K, capacity 12588K, committed 12928K, reserved 1060864K
  class space    used 1261K, capacity 1324K, committed 1408K, reserved 1048576K
Event: 155974,334 GC heap after
Heap after GC invocations=11438 (full 5719):
 PSYoungGen      total 112128K, used 0K [0x0000000743380000, 0x000000074b080000, 0x00000007c0000000)
  eden space 96256K, 0% used [0x0000000743380000,0x0000000743380000,0x0000000749180000)
  from space 15872K, 0% used [0x0000000749180000,0x0000000749180000,0x000000074a100000)
  to   space 15872K, 0% used [0x000000074a100000,0x000000074a100000,0x000000074b080000)
 ParOldGen       total 257024K, used 1536K [0x0000000649a00000, 0x0000000659500000, 0x0000000743380000)
  object space 257024K, 0% used [0x0000000649a00000,0x0000000649b80118,0x0000000659500000)
 Metaspace       used 12396K, capacity 12588K, committed 12928K, reserved 1060864K
  class space    used 1261K, capacity 1324K, committed 1408K, reserved 1048576K
}
Event: 156004,301 GC heap before
{Heap before GC invocations=11439 (full 5719):
 PSYoungGen      total 112128K, used 6256K [0x0000000743380000, 0x000000074b080000, 0x00000007c0000000)
  eden space 96256K, 6% used [0x0000000743380000,0x000000074399c310,0x0000000749180000)
  from space 15872K, 0% used [0x0000000749180000,0x0000000749180000,0x000000074a100000)
  to   space 15872K, 0% used [0x000000074a100000,0x000000074a100000,0x000000074b080000)
 ParOldGen       total 257024K, used 1536K [0x0000000649a00000, 0x0000000659500000, 0x0000000743380000)
  object space 257024K, 0% used [0x0000000649a00000,0x0000000649b80118,0x0000000659500000)
 Metaspace       used 12396K, capacity 12588K, committed 12928K, reserved 1060864K
  class space    used 1261K, capacity 1324K, committed 1408K, reserved 1048576K
Event: 156004,303 GC heap after
Heap after GC invocations=11439 (full 5719):
 PSYoungGen      total 112128K, used 64K [0x0000000743380000, 0x000000074b080000, 0x00000007c0000000)
  eden space 96256K, 0% used [0x0000000743380000,0x0000000743380000,0x0000000749180000)
  from space 15872K, 0% used [0x000000074a100000,0x000000074a110000,0x000000074b080000)
  to   space 15872K, 0% used [0x0000000749180000,0x0000000749180000,0x000000074a100000)
 ParOldGen       total 257024K, used 1536K [0x0000000649a00000, 0x0000000659500000, 0x0000000743380000)
  object space 257024K, 0% used [0x0000000649a00000,0x0000000649b80118,0x0000000659500000)
 Metaspace       used 12396K, capacity 12588K, committed 12928K, reserved 1060864K
  class space    used 1261K, capacity 1324K, committed 1408K, reserved 1048576K
}
Event: 156004,303 GC heap before
{Heap before GC invocations=11440 (full 5720):
 PSYoungGen      total 112128K, used 64K [0x0000000743380000, 0x000000074b080000, 0x00000007c0000000)
  eden space 96256K, 0% used [0x0000000743380000,0x0000000743380000,0x0000000749180000)
  from space 15872K, 0% used [0x000000074a100000,0x000000074a110000,0x000000074b080000)
  to   space 15872K, 0% used [0x0000000749180000,0x0000000749180000,0x000000074a100000)
 ParOldGen       total 257024K, used 1536K [0x0000000649a00000, 0x0000000659500000, 0x0000000743380000)
  object space 257024K, 0% used [0x0000000649a00000,0x0000000649b80118,0x0000000659500000)
 Metaspace       used 12396K, capacity 12588K, committed 12928K, reserved 1060864K
  class space    used 1261K, capacity 1324K, committed 1408K, reserved 1048576K
Event: 156004,317 GC heap after
Heap after GC invocations=11440 (full 5720):
 PSYoungGen      total 112128K, used 0K [0x0000000743380000, 0x000000074b080000, 0x00000007c0000000)
  eden space 96256K, 0% used [0x0000000743380000,0x0000000743380000,0x0000000749180000)
  from space 15872K, 0% used [0x000000074a100000,0x000000074a100000,0x000000074b080000)
  to   space 15872K, 0% used [0x0000000749180000,0x0000000749180000,0x000000074a100000)
 ParOldGen       total 257024K, used 1552K [0x0000000649a00000, 0x0000000659500000, 0x0000000743380000)
  object space 257024K, 0% used [0x0000000649a00000,0x0000000649b84248,0x0000000659500000)
 Metaspace       used 12396K, capacity 12588K, committed 12928K, reserved 1060864K
  class space    used 1261K, capacity 1324K, committed 1408K, reserved 1048576K
}

