# JRE version: OpenJDK Runtime Environment (8.0_232-b09) (build 1.8.0_232-b09)
# Java VM: OpenJDK 64-Bit Server VM (25.232-b09 mixed mode linux-amd64 compressed oops)
Heap:
 PSYoungGen      total 112128K, used 4235K [0x0000000743380000, 0x000000074b080000, 0x00000007c0000000)
  eden space 96256K, 4% used [0x0000000743380000,0x00000007437a2d78,0x0000000749180000)
  from space 15872K, 0% used [0x0000000749180000,0x0000000749180000,0x000000074a100000)
  to   space 15872K, 0% used [0x000000074a100000,0x000000074a100000,0x000000074b080000)
 ParOldGen       total 257024K, used 1542K [0x0000000649a00000, 0x0000000659500000, 0x0000000743380000)
  object space 257024K, 0% used [0x0000000649a00000,0x0000000649b81898,0x0000000659500000)
 Metaspace       used 12388K, capacity 12588K, committed 12928K, reserved 1060864K
  class space    used 1258K, capacity 1324K, committed 1408K, reserved 1048576K
GC Heap History (10 events):
Event: 242381,648 GC heap before
{Heap before GC invocations=17774 (full 8887):
 PSYoungGen      total 112128K, used 160K [0x0000000743380000, 0x000000074b080000, 0x00000007c0000000)
  eden space 96256K, 0% used [0x0000000743380000,0x0000000743380000,0x0000000749180000)
  from space 15872K, 1% used [0x0000000749180000,0x00000007491a8000,0x000000074a100000)
  to   space 15872K, 0% used [0x000000074a100000,0x000000074a100000,0x000000074b080000)
 ParOldGen       total 257024K, used 1541K [0x0000000649a00000, 0x0000000659500000, 0x0000000743380000)
  object space 257024K, 0% used [0x0000000649a00000,0x0000000649b81678,0x0000000659500000)
 Metaspace       used 12388K, capacity 12588K, committed 12928K, reserved 1060864K
  class space    used 1258K, capacity 1324K, committed 1408K, reserved 1048576K
Event: 242381,658 GC heap after
Heap after GC invocations=17774 (full 8887):
 PSYoungGen      total 112128K, used 0K [0x0000000743380000, 0x000000074b080000, 0x00000007c0000000)
  eden space 96256K, 0% used [0x0000000743380000,0x0000000743380000,0x0000000749180000)
  from space 15872K, 0% used [0x0000000749180000,0x0000000749180000,0x000000074a100000)
  to   space 15872K, 0% used [0x000000074a100000,0x000000074a100000,0x000000074b080000)
 ParOldGen       total 257024K, used 1541K [0x0000000649a00000, 0x0000000659500000, 0x0000000743380000)
  object space 257024K, 0% used [0x0000000649a00000,0x0000000649b81718,0x0000000659500000)
 Metaspace       used 12388K, capacity 12588K, committed 12928K, reserved 1060864K
  class space    used 1258K, capacity 1324K, committed 1408K, reserved 1048576K
}
Event: 242411,640 GC heap before
{Heap before GC invocations=17775 (full 8887):
 PSYoungGen      total 112128K, used 6160K [0x0000000743380000, 0x000000074b080000, 0x00000007c0000000)
  eden space 96256K, 6% used [0x0000000743380000,0x0000000743984240,0x0000000749180000)
  from space 15872K, 0% used [0x0000000749180000,0x0000000749180000,0x000000074a100000)
  to   space 15872K, 0% used [0x000000074a100000,0x000000074a100000,0x000000074b080000)
 ParOldGen       total 257024K, used 1541K [0x0000000649a00000, 0x0000000659500000, 0x0000000743380000)
  object space 257024K, 0% used [0x0000000649a00000,0x0000000649b81718,0x0000000659500000)
 Metaspace       used 12388K, capacity 12588K, committed 12928K, reserved 1060864K
  class space    used 1258K, capacity 1324K, committed 1408K, reserved 1048576K
Event: 242411,641 GC heap after
Heap after GC invocations=17775 (full 8887):
 PSYoungGen      total 112128K, used 128K [0x0000000743380000, 0x000000074b080000, 0x00000007c0000000)
  eden space 96256K, 0% used [0x0000000743380000,0x0000000743380000,0x0000000749180000)
  from space 15872K, 0% used [0x000000074a100000,0x000000074a120000,0x000000074b080000)
  to   space 15872K, 0% used [0x0000000749180000,0x0000000749180000,0x000000074a100000)
 ParOldGen       total 257024K, used 1541K [0x0000000649a00000, 0x0000000659500000, 0x0000000743380000)
  object space 257024K, 0% used [0x0000000649a00000,0x0000000649b81718,0x0000000659500000)
 Metaspace       used 12388K, capacity 12588K, committed 12928K, reserved 1060864K
  class space    used 1258K, capacity 1324K, committed 1408K, reserved 1048576K
}
Event: 242411,641 GC heap before
{Heap before GC invocations=17776 (full 8888):
 PSYoungGen      total 112128K, used 128K [0x0000000743380000, 0x000000074b080000, 0x00000007c0000000)
  eden space 96256K, 0% used [0x0000000743380000,0x0000000743380000,0x0000000749180000)
  from space 15872K, 0% used [0x000000074a100000,0x000000074a120000,0x000000074b080000)
  to   space 15872K, 0% used [0x0000000749180000,0x0000000749180000,0x000000074a100000)
 ParOldGen       total 257024K, used 1541K [0x0000000649a00000, 0x0000000659500000, 0x0000000743380000)
  object space 257024K, 0% used [0x0000000649a00000,0x0000000649b81718,0x0000000659500000)
 Metaspace       used 12388K, capacity 12588K, committed 12928K, reserved 1060864K
  class space    used 1258K, capacity 1324K, committed 1408K, reserved 1048576K
Event: 242411,650 GC heap after
Heap after GC invocations=17776 (full 8888):
 PSYoungGen      total 112128K, used 0K [0x0000000743380000, 0x000000074b080000, 0x00000007c0000000)
  eden space 96256K, 0% used [0x0000000743380000,0x0000000743380000,0x0000000749180000)
  from space 15872K, 0% used [0x000000074a100000,0x000000074a100000,0x000000074b080000)
  to   space 15872K, 0% used [0x0000000749180000,0x0000000749180000,0x000000074a100000)
 ParOldGen       total 257024K, used 1541K [0x0000000649a00000, 0x0000000659500000, 0x0000000743380000)
  object space 257024K, 0% used [0x0000000649a00000,0x0000000649b817d8,0x0000000659500000)
 Metaspace       used 12388K, capacity 12588K, committed 12928K, reserved 1060864K
  class space    used 1258K, capacity 1324K, committed 1408K, reserved 1048576K
}
Event: 242441,657 GC heap before
{Heap before GC invocations=17777 (full 8888):
 PSYoungGen      total 112128K, used 6160K [0x0000000743380000, 0x000000074b080000, 0x00000007c0000000)
  eden space 96256K, 6% used [0x0000000743380000,0x0000000743984240,0x0000000749180000)
  from space 15872K, 0% used [0x000000074a100000,0x000000074a100000,0x000000074b080000)
  to   space 15872K, 0% used [0x0000000749180000,0x0000000749180000,0x000000074a100000)
 ParOldGen       total 257024K, used 1541K [0x0000000649a00000, 0x0000000659500000, 0x0000000743380000)
  object space 257024K, 0% used [0x0000000649a00000,0x0000000649b817d8,0x0000000659500000)
 Metaspace       used 12388K, capacity 12588K, committed 12928K, reserved 1060864K
  class space    used 1258K, capacity 1324K, committed 1408K, reserved 1048576K
Event: 242441,661 GC heap after
Heap after GC invocations=17777 (full 8888):
 PSYoungGen      total 112128K, used 128K [0x0000000743380000, 0x000000074b080000, 0x00000007c0000000)
  eden space 96256K, 0% used [0x0000000743380000,0x0000000743380000,0x0000000749180000)
  from space 15872K, 0% used [0x0000000749180000,0x00000007491a0000,0x000000074a100000)
  to   space 15872K, 0% used [0x000000074a100000,0x000000074a100000,0x000000074b080000)
 ParOldGen       total 257024K, used 1541K [0x0000000649a00000, 0x0000000659500000, 0x0000000743380000)
  object space 257024K, 0% used [0x0000000649a00000,0x0000000649b817d8,0x0000000659500000)
 Metaspace       used 12388K, capacity 12588K, committed 12928K, reserved 1060864K
  class space    used 1258K, capacity 1324K, committed 1408K, reserved 1048576K
}
Event: 242441,661 GC heap before
{Heap before GC invocations=17778 (full 8889):
 PSYoungGen      total 112128K, used 128K [0x0000000743380000, 0x000000074b080000, 0x00000007c0000000)
  eden space 96256K, 0% used [0x0000000743380000,0x0000000743380000,0x0000000749180000)
  from space 15872K, 0% used [0x0000000749180000,0x00000007491a0000,0x000000074a100000)
  to   space 15872K, 0% used [0x000000074a100000,0x000000074a100000,0x000000074b080000)
 ParOldGen       total 257024K, used 1541K [0x0000000649a00000, 0x0000000659500000, 0x0000000743380000)
  object space 257024K, 0% used [0x0000000649a00000,0x0000000649b817d8,0x0000000659500000)
 Metaspace       used 12388K, capacity 12588K, committed 12928K, reserved 1060864K
  class space    used 1258K, capacity 1324K, committed 1408K, reserved 1048576K
Event: 242441,676 GC heap after
Heap after GC invocations=17778 (full 8889):
 PSYoungGen      total 112128K, used 0K [0x0000000743380000, 0x000000074b080000, 0x00000007c0000000)
  eden space 96256K, 0% used [0x0000000743380000,0x0000000743380000,0x0000000749180000)
  from space 15872K, 0% used [0x0000000749180000,0x0000000749180000,0x000000074a100000)
  to   space 15872K, 0% used [0x000000074a100000,0x000000074a100000,0x000000074b080000)
 ParOldGen       total 257024K, used 1542K [0x0000000649a00000, 0x0000000659500000, 0x0000000743380000)
  object space 257024K, 0% used [0x0000000649a00000,0x0000000649b81898,0x0000000659500000)
 Metaspace       used 12388K, capacity 12588K, committed 12928K, reserved 1060864K
  class space    used 1258K, capacity 1324K, committed 1408K, reserved 1048576K
}

