# JRE version: OpenJDK Runtime Environment (8.0_242-b08) (build 1.8.0_242-b08)
# Java VM: OpenJDK 64-Bit Server VM (25.242-b08 mixed mode linux-amd64 compressed oops)
Heap:
 PSYoungGen      total 112128K, used 2887K [0x0000000743380000, 0x000000074b080000, 0x00000007c0000000)
  eden space 96256K, 3% used [0x0000000743380000,0x0000000743651f18,0x0000000749180000)
  from space 15872K, 0% used [0x0000000749180000,0x0000000749180000,0x000000074a100000)
  to   space 15872K, 0% used [0x000000074a100000,0x000000074a100000,0x000000074b080000)
 ParOldGen       total 257024K, used 1533K [0x0000000649a00000, 0x0000000659500000, 0x0000000743380000)
  object space 257024K, 0% used [0x0000000649a00000,0x0000000649b7f5d0,0x0000000659500000)
 Metaspace       used 12298K, capacity 12524K, committed 12928K, reserved 1060864K
  class space    used 1259K, capacity 1324K, committed 1408K, reserved 1048576K
GC Heap History (10 events):
Event: 105184,300 GC heap before
{Heap before GC invocations=7714 (full 3857):
 PSYoungGen      total 112128K, used 96K [0x0000000743380000, 0x000000074b080000, 0x00000007c0000000)
  eden space 96256K, 0% used [0x0000000743380000,0x0000000743380000,0x0000000749180000)
  from space 15872K, 0% used [0x0000000749180000,0x0000000749198000,0x000000074a100000)
  to   space 15872K, 0% used [0x000000074a100000,0x000000074a100000,0x000000074b080000)
 ParOldGen       total 257024K, used 1533K [0x0000000649a00000, 0x0000000659500000, 0x0000000743380000)
  object space 257024K, 0% used [0x0000000649a00000,0x0000000649b7f428,0x0000000659500000)
 Metaspace       used 12298K, capacity 12524K, committed 12928K, reserved 1060864K
  class space    used 1259K, capacity 1324K, committed 1408K, reserved 1048576K
Event: 105184,309 GC heap after
Heap after GC invocations=7714 (full 3857):
 PSYoungGen      total 112128K, used 0K [0x0000000743380000, 0x000000074b080000, 0x00000007c0000000)
  eden space 96256K, 0% used [0x0000000743380000,0x0000000743380000,0x0000000749180000)
  from space 15872K, 0% used [0x0000000749180000,0x0000000749180000,0x000000074a100000)
  to   space 15872K, 0% used [0x000000074a100000,0x000000074a100000,0x000000074b080000)
 ParOldGen       total 257024K, used 1533K [0x0000000649a00000, 0x0000000659500000, 0x0000000743380000)
  object space 257024K, 0% used [0x0000000649a00000,0x0000000649b7f498,0x0000000659500000)
 Metaspace       used 12298K, capacity 12524K, committed 12928K, reserved 1060864K
  class space    used 1259K, capacity 1324K, committed 1408K, reserved 1048576K
}
Event: 105214,300 GC heap before
{Heap before GC invocations=7715 (full 3857):
 PSYoungGen      total 112128K, used 4812K [0x0000000743380000, 0x000000074b080000, 0x00000007c0000000)
  eden space 96256K, 5% used [0x0000000743380000,0x00000007438333b8,0x0000000749180000)
  from space 15872K, 0% used [0x0000000749180000,0x0000000749180000,0x000000074a100000)
  to   space 15872K, 0% used [0x000000074a100000,0x000000074a100000,0x000000074b080000)
 ParOldGen       total 257024K, used 1533K [0x0000000649a00000, 0x0000000659500000, 0x0000000743380000)
  object space 257024K, 0% used [0x0000000649a00000,0x0000000649b7f498,0x0000000659500000)
 Metaspace       used 12298K, capacity 12524K, committed 12928K, reserved 1060864K
  class space    used 1259K, capacity 1324K, committed 1408K, reserved 1048576K
Event: 105214,301 GC heap after
Heap after GC invocations=7715 (full 3857):
 PSYoungGen      total 112128K, used 128K [0x0000000743380000, 0x000000074b080000, 0x00000007c0000000)
  eden space 96256K, 0% used [0x0000000743380000,0x0000000743380000,0x0000000749180000)
  from space 15872K, 0% used [0x000000074a100000,0x000000074a120000,0x000000074b080000)
  to   space 15872K, 0% used [0x0000000749180000,0x0000000749180000,0x000000074a100000)
 ParOldGen       total 257024K, used 1533K [0x0000000649a00000, 0x0000000659500000, 0x0000000743380000)
  object space 257024K, 0% used [0x0000000649a00000,0x0000000649b7f498,0x0000000659500000)
 Metaspace       used 12298K, capacity 12524K, committed 12928K, reserved 1060864K
  class space    used 1259K, capacity 1324K, committed 1408K, reserved 1048576K
}
Event: 105214,301 GC heap before
{Heap before GC invocations=7716 (full 3858):
 PSYoungGen      total 112128K, used 128K [0x0000000743380000, 0x000000074b080000, 0x00000007c0000000)
  eden space 96256K, 0% used [0x0000000743380000,0x0000000743380000,0x0000000749180000)
  from space 15872K, 0% used [0x000000074a100000,0x000000074a120000,0x000000074b080000)
  to   space 15872K, 0% used [0x0000000749180000,0x0000000749180000,0x000000074a100000)
 ParOldGen       total 257024K, used 1533K [0x0000000649a00000, 0x0000000659500000, 0x0000000743380000)
  object space 257024K, 0% used [0x0000000649a00000,0x0000000649b7f498,0x0000000659500000)
 Metaspace       used 12298K, capacity 12524K, committed 12928K, reserved 1060864K
  class space    used 1259K, capacity 1324K, committed 1408K, reserved 1048576K
Event: 105214,308 GC heap after
Heap after GC invocations=7716 (full 3858):
 PSYoungGen      total 112128K, used 0K [0x0000000743380000, 0x000000074b080000, 0x00000007c0000000)
  eden space 96256K, 0% used [0x0000000743380000,0x0000000743380000,0x0000000749180000)
  from space 15872K, 0% used [0x000000074a100000,0x000000074a100000,0x000000074b080000)
  to   space 15872K, 0% used [0x0000000749180000,0x0000000749180000,0x000000074a100000)
 ParOldGen       total 257024K, used 1533K [0x0000000649a00000, 0x0000000659500000, 0x0000000743380000)
  object space 257024K, 0% used [0x0000000649a00000,0x0000000649b7f508,0x0000000659500000)
 Metaspace       used 12298K, capacity 12524K, committed 12928K, reserved 1060864K
  class space    used 1259K, capacity 1324K, committed 1408K, reserved 1048576K
}
Event: 105244,300 GC heap before
{Heap before GC invocations=7717 (full 3858):
 PSYoungGen      total 112128K, used 4812K [0x0000000743380000, 0x000000074b080000, 0x00000007c0000000)
  eden space 96256K, 5% used [0x0000000743380000,0x00000007438333f0,0x0000000749180000)
  from space 15872K, 0% used [0x000000074a100000,0x000000074a100000,0x000000074b080000)
  to   space 15872K, 0% used [0x0000000749180000,0x0000000749180000,0x000000074a100000)
 ParOldGen       total 257024K, used 1533K [0x0000000649a00000, 0x0000000659500000, 0x0000000743380000)
  object space 257024K, 0% used [0x0000000649a00000,0x0000000649b7f508,0x0000000659500000)
 Metaspace       used 12298K, capacity 12524K, committed 12928K, reserved 1060864K
  class space    used 1259K, capacity 1324K, committed 1408K, reserved 1048576K
Event: 105244,301 GC heap after
Heap after GC invocations=7717 (full 3858):
 PSYoungGen      total 112128K, used 128K [0x0000000743380000, 0x000000074b080000, 0x00000007c0000000)
  eden space 96256K, 0% used [0x0000000743380000,0x0000000743380000,0x0000000749180000)
  from space 15872K, 0% used [0x0000000749180000,0x00000007491a0000,0x000000074a100000)
  to   space 15872K, 0% used [0x000000074a100000,0x000000074a100000,0x000000074b080000)
 ParOldGen       total 257024K, used 1533K [0x0000000649a00000, 0x0000000659500000, 0x0000000743380000)
  object space 257024K, 0% used [0x0000000649a00000,0x0000000649b7f508,0x0000000659500000)
 Metaspace       used 12298K, capacity 12524K, committed 12928K, reserved 1060864K
  class space    used 1259K, capacity 1324K, committed 1408K, reserved 1048576K
}
Event: 105244,301 GC heap before
{Heap before GC invocations=7718 (full 3859):
 PSYoungGen      total 112128K, used 128K [0x0000000743380000, 0x000000074b080000, 0x00000007c0000000)
  eden space 96256K, 0% used [0x0000000743380000,0x0000000743380000,0x0000000749180000)
  from space 15872K, 0% used [0x0000000749180000,0x00000007491a0000,0x000000074a100000)
  to   space 15872K, 0% used [0x000000074a100000,0x000000074a100000,0x000000074b080000)
 ParOldGen       total 257024K, used 1533K [0x0000000649a00000, 0x0000000659500000, 0x0000000743380000)
  object space 257024K, 0% used [0x0000000649a00000,0x0000000649b7f508,0x0000000659500000)
 Metaspace       used 12298K, capacity 12524K, committed 12928K, reserved 1060864K
  class space    used 1259K, capacity 1324K, committed 1408K, reserved 1048576K
Event: 105244,310 GC heap after
Heap after GC invocations=7718 (full 3859):
 PSYoungGen      total 112128K, used 0K [0x0000000743380000, 0x000000074b080000, 0x00000007c0000000)
  eden space 96256K, 0% used [0x0000000743380000,0x0000000743380000,0x0000000749180000)
  from space 15872K, 0% used [0x0000000749180000,0x0000000749180000,0x000000074a100000)
  to   space 15872K, 0% used [0x000000074a100000,0x000000074a100000,0x000000074b080000)
 ParOldGen       total 257024K, used 1533K [0x0000000649a00000, 0x0000000659500000, 0x0000000743380000)
  object space 257024K, 0% used [0x0000000649a00000,0x0000000649b7f5d0,0x0000000659500000)
 Metaspace       used 12298K, capacity 12524K, committed 12928K, reserved 1060864K
  class space    used 1259K, capacity 1324K, committed 1408K, reserved 1048576K
}

